1763046927,37,Dexter.S06E01.1080p.BluRay.x265-RARBG,/run/media/m57/SSD-Linux/Movies/6/Dexter.S06E01.1080p.BluRay.x265-RARBG.mp4,127
1763047049,37,Dexter.S06E01.1080p.BluRay.x265-RARBG,/run/media/m57/SSD-Linux/Movies/6/Dexter.S06E01.1080p.BluRay.x265-RARBG.mp4,127
1763047064,37,Dexter.S06E02.1080p.BluRay.x265-RARBG,/run/media/m57/SSD-Linux/Movies/6/Dexter.S06E02.1080p.BluRay.x265-RARBG.mp4,127
1763047106,37,Dexter.S06E03.1080p.BluRay.x265-RARBG,/run/media/m57/SSD-Linux/Movies/6/Dexter.S06E03.1080p.BluRay.x265-RARBG.mp4,127
1763047107,37,Dexter.S06E04.1080p.BluRay.x265-RARBG,/run/media/m57/SSD-Linux/Movies/6/Dexter.S06E04.1080p.BluRay.x265-RARBG.mp4,127
1763047107,37,Dexter.S06E05.1080p.BluRay.x265-RARBG,/run/media/m57/SSD-Linux/Movies/6/Dexter.S06E05.1080p.BluRay.x265-RARBG.mp4,127
1763047133,37,Dexter.S06E04.1080p.BluRay.x265-RARBG,/run/media/m57/SSD-Linux/Movies/6/Dexter.S06E04.1080p.BluRay.x265-RARBG.mp4,127
1763047165,37,Dexter.S06E05.1080p.BluRay.x265-RARBG,/run/media/m57/SSD-Linux/Movies/6/Dexter.S06E05.1080p.BluRay.x265-RARBG.mp4,127
1763048710,37,Dexter.S06E06.1080p.BluRay.x265-RARBG,/run/media/m57/SSD-Linux/Movies/6/Dexter.S06E06.1080p.BluRay.x265-RARBG.mp4,127
1763049992,37,Dexter.S06E07.1080p.BluRay.x265-RARBG,/run/media/m57/SSD-Linux/Movies/6/Dexter.S06E07.1080p.BluRay.x265-RARBG.mp4,127
1763151761,37,Dexter.S06E07.1080p.BluRay.x265-RARBG,/run/media/m57/SSD-Linux/Movies/6/Dexter.S06E07.1080p.BluRay.x265-RARBG.mp4,127
1763153416,37,Dexter.S06E08.1080p.BluRay.x265-RARBG,/run/media/m57/SSD-Linux/Movies/6/Dexter.S06E08.1080p.BluRay.x265-RARBG.mp4,127
1763154658,37,Dexter.S06E09.1080p.BluRay.x265-RARBG,/run/media/m57/SSD-Linux/Movies/6/Dexter.S06E09.1080p.BluRay.x265-RARBG.mp4,127
1763155664,37,Dexter.S06E10.1080p.BluRay.x265-RARBG,/run/media/m57/SSD-Linux/Movies/6/Dexter.S06E10.1080p.BluRay.x265-RARBG.mp4,127
1763156513,37,Dexter.S06E11.1080p.BluRay.x265-RARBG,/run/media/m57/SSD-Linux/Movies/6/Dexter.S06E11.1080p.BluRay.x265-RARBG.mp4,127
1763157394,37,Dexter.S06E12.1080p.BluRay.x265-RARBG,/run/media/m57/SSD-Linux/Movies/6/Dexter.S06E12.1080p.BluRay.x265-RARBG.mp4,127
1763158040,37,Dexter.S07E01.1080p.BluRay.x265-RARBG,/run/media/m57/SSD-Linux/Movies/7/Dexter.S07E01.1080p.BluRay.x265-RARBG.mp4,127
1763202376,37,Dexter.S07E01.1080p.BluRay.x265-RARBG,/run/media/m57/SSD-Linux/Movies/7/Dexter.S07E01.1080p.BluRay.x265-RARBG.mp4,127
1763202716,37,Dexter.S07E02.1080p.BluRay.x265-RARBG,/run/media/m57/SSD-Linux/Movies/7/Dexter.S07E02.1080p.BluRay.x265-RARBG.mp4,127
1763204096,37,Dexter.S07E03.1080p.BluRay.x265-RARBG,/run/media/m57/SSD-Linux/Movies/7/Dexter.S07E03.1080p.BluRay.x265-RARBG.mp4,127
1763205327,37,Dexter.S07E04.1080p.BluRay.x265-RARBG,/run/media/m57/SSD-Linux/Movies/7/Dexter.S07E04.1080p.BluRay.x265-RARBG.mp4,127
