    OpenRGB v0.9
    Commit:  from 
    Launched: 20240829_233739
====================================================================================================

0     |Info:    Found file: Yellow.orp attempting to validate header
0     |Info:    Valid v4 profile found for Yellow
1014  |Info:    ------------------------------------------------------
1014  |Info:    |               Start device detection               |
1014  |Info:    ------------------------------------------------------
1016  |Info:    Initializing HID interfaces: Success
1054  |Info:    ------------------------------------------------------
1054  |Info:    |             Detecting I2C interfaces               |
1054  |Info:    ------------------------------------------------------
1073  |Info:    Registering I2C interface: /dev/i2c-3 Device 8086:9BC4 Subsystem: 1028:09E1
1077  |Info:    Registering I2C interface: /dev/i2c-10 Device 0000:0000 Subsystem: 0000:0000
1078  |Info:    Registering I2C interface: /dev/i2c-1 Device 10DE:1F99 Subsystem: 1028:09E1
1078  |Warning: [i2c_smbus_linux] Failed to read i2c device PCI device ID
1078  |Info:    Registering I2C interface: /dev/i2c-8 Device 0000:0000 Subsystem: 0000:0000
1079  |Info:    Registering I2C interface: /dev/i2c-6 Device 8086:9BC4 Subsystem: 1028:09E1
1079  |Warning: [i2c_smbus_linux] Failed to read i2c device PCI device ID
1080  |Info:    Registering I2C interface: /dev/i2c-DELL09E1:00 Device 0000:0000 Subsystem: 0000:0000
1080  |Info:    Registering I2C interface: /dev/i2c-4 Device 8086:9BC4 Subsystem: 1028:09E1
1080  |Info:    Registering I2C interface: /dev/i2c-11 Device 0000:0000 Subsystem: 0000:0000
1081  |Info:    Registering I2C interface: /dev/i2c-2 Device 10DE:1F99 Subsystem: 1028:09E1
1081  |Info:    Registering I2C interface: /dev/i2c-0 Device 10DE:1F99 Subsystem: 1028:09E1
1081  |Warning: [i2c_smbus_linux] Failed to read i2c device PCI device ID
1081  |Info:    Registering I2C interface: /dev/i2c-9 Device 0000:0000 Subsystem: 0000:0000
1081  |Warning: [i2c_smbus_linux] Failed to read i2c device PCI device ID
1081  |Info:    Registering I2C interface: /dev/i2c-7 Device 0000:0000 Subsystem: 0000:0000
1087  |Info:    Registering I2C interface: /dev/i2c-5 Device 8086:9BC4 Subsystem: 1028:09E1
1093  |Info:    Registering I2C interface: /dev/i2c-12 Device 8086:06A3 Subsystem: 1028:09E1
1093  |Info:    ------------------------------------------------------
1093  |Info:    |               Detecting I2C devices                |
1093  |Info:    ------------------------------------------------------
1680  |Info:    ------------------------------------------------------
1680  |Info:    |               Detecting I2C PCI devices            |
1680  |Info:    ------------------------------------------------------
1681  |Info:    ------------------------------------------------------
1681  |Info:    |               Detecting HID devices                |
1681  |Info:    ------------------------------------------------------
1682  |Info:    [Logitech G213] Registering RGB controller
1687  |Info:    [Logitech G203 Lightsync] Registering RGB controller
1695  |Info:    [Sony DualShock 4] Registering RGB controller
1695  |Info:    ------------------------------------------------------
1695  |Info:    |            Detecting libusb HID devices            |
1695  |Info:    ------------------------------------------------------
1719  |Info:    ------------------------------------------------------
1719  |Info:    |              Detecting other devices               |
1719  |Info:    ------------------------------------------------------
1729  |Info:    ------------------------------------------------------
1729  |Info:    |                Detection completed                 |
1729  |Info:    ------------------------------------------------------
1729  |Dialog:  <h2>WARNING:</h2><p>One or more I2C/SMBus interfaces failed to initialize.</p><p>RGB DRAM modules and some motherboards' onboard RGB lighting will not be available without I2C/SMBus.</p><p>On Linux, this is usually because the i2c-dev module is not loaded.  You must load the i2c-dev module along with the correct i2c driver for your motherboard.  This is usually i2c-piix4 for AMD systems and i2c-i801 for Intel systems.</p><p>See <a href='https://help.openrgb.org/'>help.openrgb.org</a> for additional troubleshooting steps if you keep seeing this message.<br></p>
1730  |Info:    Profile loading: Succeeded for Logitech G213 @ HID: /dev/hidraw2
1730  |Info:    Profile loading: Succeeded for Logitech G203 Lightsync @ HID: /dev/hidraw4
1730  |Info:    Profile loading: FAILED! for Sony DualShock 4 @ HID: /dev/hidraw6
