    OpenRGB v0.9
    Commit:  from 
    Launched: 20240411_151126
====================================================================================================

3     |Info:    Found file: Yellow.orp attempting to validate header
3     |Info:    Valid v4 profile found for Yellow
1020  |Info:    ------------------------------------------------------
1020  |Info:    |               Start device detection               |
1020  |Info:    ------------------------------------------------------
1020  |Info:    Initializing HID interfaces: Success
1029  |Info:    ------------------------------------------------------
1029  |Info:    |             Detecting I2C interfaces               |
1029  |Info:    ------------------------------------------------------
1029  |Info:    Registering I2C interface: /dev/i2c-3 Device 8086:06A3 Subsystem: 1028:09E1
1029  |Warning: [i2c_smbus_linux] Failed to read i2c device PCI device ID
1029  |Info:    Registering I2C interface: /dev/i2c-10 Device 0000:0000 Subsystem: 0000:0000
1030  |Info:    Registering I2C interface: /dev/i2c-1 Device 10DE:1F99 Subsystem: 1028:09E1
1030  |Info:    Registering I2C interface: /dev/i2c-8 Device 8086:9BC4 Subsystem: 1028:09E1
1030  |Info:    Registering I2C interface: /dev/i2c-6 Device 8086:9BC4 Subsystem: 1028:09E1
1030  |Warning: [i2c_smbus_linux] Failed to read i2c device PCI device ID
1030  |Info:    Registering I2C interface: /dev/i2c-DELL09E1:00 Device 0000:0000 Subsystem: 0000:0000
1031  |Info:    Registering I2C interface: /dev/i2c-4 Device 0000:0000 Subsystem: 0000:0000
1031  |Warning: [i2c_smbus_linux] Failed to read i2c device PCI device ID
1031  |Info:    Registering I2C interface: /dev/i2c-11 Device 0000:0000 Subsystem: 0000:0000
1031  |Info:    Registering I2C interface: /dev/i2c-2 Device 10DE:1F99 Subsystem: 1028:09E1
1031  |Info:    Registering I2C interface: /dev/i2c-0 Device 10DE:1F99 Subsystem: 1028:09E1
1032  |Info:    Registering I2C interface: /dev/i2c-9 Device 8086:9BC4 Subsystem: 1028:09E1
1032  |Info:    Registering I2C interface: /dev/i2c-7 Device 8086:9BC4 Subsystem: 1028:09E1
1032  |Info:    Registering I2C interface: /dev/i2c-5 Device 0000:0000 Subsystem: 0000:0000
1032  |Warning: [i2c_smbus_linux] Failed to read i2c device PCI device ID
1032  |Info:    Registering I2C interface: /dev/i2c-12 Device 0000:0000 Subsystem: 0000:0000
1033  |Info:    ------------------------------------------------------
1033  |Info:    |               Detecting I2C devices                |
1033  |Info:    ------------------------------------------------------
1663  |Info:    ------------------------------------------------------
1663  |Info:    |               Detecting I2C PCI devices            |
1663  |Info:    ------------------------------------------------------
1668  |Info:    ------------------------------------------------------
1668  |Info:    |               Detecting HID devices                |
1668  |Info:    ------------------------------------------------------
1670  |Info:    [Logitech G213] Registering RGB controller
1670  |Info:    ------------------------------------------------------
1670  |Info:    |            Detecting libusb HID devices            |
1670  |Info:    ------------------------------------------------------
1698  |Info:    ------------------------------------------------------
1698  |Info:    |              Detecting other devices               |
1698  |Info:    ------------------------------------------------------
1704  |Info:    ------------------------------------------------------
1704  |Info:    |                Detection completed                 |
1704  |Info:    ------------------------------------------------------
1704  |Dialog:  <h2>WARNING:</h2><p>One or more I2C/SMBus interfaces failed to initialize.</p><p>RGB DRAM modules and some motherboards' onboard RGB lighting will not be available without I2C/SMBus.</p><p>On Linux, this is usually because the i2c-dev module is not loaded.  You must load the i2c-dev module along with the correct i2c driver for your motherboard.  This is usually i2c-piix4 for AMD systems and i2c-i801 for Intel systems.</p><p>See <a href='https://help.openrgb.org/'>help.openrgb.org</a> for additional troubleshooting steps if you keep seeing this message.<br></p>
1704  |Info:    Profile loading: Succeeded for Logitech G213 @ HID: /dev/hidraw3
