    OpenRGB v0.9
    Commit:  from 
    Launched: 20240513_215206
====================================================================================================

0     |Info:    Found file: Yellow.orp attempting to validate header
0     |Info:    Valid v4 profile found for Yellow
1007  |Info:    ------------------------------------------------------
1007  |Info:    |               Start device detection               |
1007  |Info:    ------------------------------------------------------
1008  |Info:    Initializing HID interfaces: Success
1011  |Info:    ------------------------------------------------------
1011  |Info:    |             Detecting I2C interfaces               |
1011  |Info:    ------------------------------------------------------
1011  |Info:    Registering I2C interface: /dev/i2c-3 Device 0000:0000 Subsystem: 0000:0000
1011  |Warning: [i2c_smbus_linux] Failed to read i2c device PCI device ID
1011  |Info:    Registering I2C interface: /dev/i2c-10 Device 0000:0000 Subsystem: 0000:0000
1011  |Info:    Registering I2C interface: /dev/i2c-1 Device 10DE:1F99 Subsystem: 1028:09E1
1011  |Info:    Registering I2C interface: /dev/i2c-8 Device 8086:9BC4 Subsystem: 1028:09E1
1011  |Info:    Registering I2C interface: /dev/i2c-6 Device 8086:9BC4 Subsystem: 1028:09E1
1011  |Warning: [i2c_smbus_linux] Failed to read i2c device PCI device ID
1011  |Info:    Registering I2C interface: /dev/i2c-DELL09E1:00 Device 0000:0000 Subsystem: 0000:0000
1011  |Warning: [i2c_smbus_linux] Failed to read i2c device PCI device ID
1011  |Info:    Registering I2C interface: /dev/i2c-11 Device 0000:0000 Subsystem: 0000:0000
1011  |Info:    Registering I2C interface: /dev/i2c-2 Device 10DE:1F99 Subsystem: 1028:09E1
1011  |Info:    Registering I2C interface: /dev/i2c-0 Device 10DE:1F99 Subsystem: 1028:09E1
1011  |Info:    Registering I2C interface: /dev/i2c-9 Device 8086:9BC4 Subsystem: 1028:09E1
1011  |Info:    Registering I2C interface: /dev/i2c-7 Device 8086:9BC4 Subsystem: 1028:09E1
1011  |Info:    Registering I2C interface: /dev/i2c-5 Device 8086:06A3 Subsystem: 1028:09E1
1011  |Warning: [i2c_smbus_linux] Failed to read i2c device PCI device ID
1011  |Info:    Registering I2C interface: /dev/i2c-12 Device 0000:0000 Subsystem: 0000:0000
1011  |Info:    ------------------------------------------------------
1011  |Info:    |               Detecting I2C devices                |
1011  |Info:    ------------------------------------------------------
1594  |Info:    ------------------------------------------------------
1594  |Info:    |               Detecting I2C PCI devices            |
1594  |Info:    ------------------------------------------------------
1595  |Info:    ------------------------------------------------------
1595  |Info:    |               Detecting HID devices                |
1595  |Info:    ------------------------------------------------------
1596  |Info:    [Logitech G213] Registering RGB controller
1599  |Info:    [Logitech G203 Lightsync] Registering RGB controller
1607  |Info:    [Sony DualShock 4] Registering RGB controller
1607  |Info:    ------------------------------------------------------
1607  |Info:    |            Detecting libusb HID devices            |
1607  |Info:    ------------------------------------------------------
1618  |Info:    ------------------------------------------------------
1618  |Info:    |              Detecting other devices               |
1618  |Info:    ------------------------------------------------------
1622  |Info:    ------------------------------------------------------
1622  |Info:    |                Detection completed                 |
1622  |Info:    ------------------------------------------------------
1622  |Dialog:  <h2>WARNING:</h2><p>One or more I2C/SMBus interfaces failed to initialize.</p><p>RGB DRAM modules and some motherboards' onboard RGB lighting will not be available without I2C/SMBus.</p><p>On Linux, this is usually because the i2c-dev module is not loaded.  You must load the i2c-dev module along with the correct i2c driver for your motherboard.  This is usually i2c-piix4 for AMD systems and i2c-i801 for Intel systems.</p><p>See <a href='https://help.openrgb.org/'>help.openrgb.org</a> for additional troubleshooting steps if you keep seeing this message.<br></p>
1622  |Info:    Profile loading: Succeeded for Logitech G213 @ HID: /dev/hidraw3
1622  |Info:    Profile loading: Succeeded for Logitech G203 Lightsync @ HID: /dev/hidraw1
1622  |Info:    Profile loading: FAILED! for Sony DualShock 4 @ HID: /dev/hidraw6
