    OpenRGB v0.9
    Commit:  from 
    Launched: 20240413_130709
====================================================================================================

2     |Info:    Found file: Yellow.orp attempting to validate header
3     |Info:    Valid v4 profile found for Yellow
1059  |Info:    ------------------------------------------------------
1059  |Info:    |               Start device detection               |
1059  |Info:    ------------------------------------------------------
1060  |Info:    Initializing HID interfaces: Success
1066  |Info:    ------------------------------------------------------
1066  |Info:    |             Detecting I2C interfaces               |
1066  |Info:    ------------------------------------------------------
1066  |Info:    Registering I2C interface: /dev/i2c-3 Device 8086:06A3 Subsystem: 1028:09E1
1066  |Warning: [i2c_smbus_linux] Failed to read i2c device PCI device ID
1066  |Info:    Registering I2C interface: /dev/i2c-10 Device 0000:0000 Subsystem: 0000:0000
1066  |Info:    Registering I2C interface: /dev/i2c-1 Device 10DE:1F99 Subsystem: 1028:09E1
1066  |Info:    Registering I2C interface: /dev/i2c-8 Device 8086:9BC4 Subsystem: 1028:09E1
1067  |Info:    Registering I2C interface: /dev/i2c-6 Device 8086:9BC4 Subsystem: 1028:09E1
1067  |Warning: [i2c_smbus_linux] Failed to read i2c device PCI device ID
1067  |Info:    Registering I2C interface: /dev/i2c-DELL09E1:00 Device 0000:0000 Subsystem: 0000:0000
1067  |Info:    Registering I2C interface: /dev/i2c-4 Device 0000:0000 Subsystem: 0000:0000
1067  |Warning: [i2c_smbus_linux] Failed to read i2c device PCI device ID
1067  |Info:    Registering I2C interface: /dev/i2c-11 Device 0000:0000 Subsystem: 0000:0000
1067  |Info:    Registering I2C interface: /dev/i2c-2 Device 10DE:1F99 Subsystem: 1028:09E1
1067  |Info:    Registering I2C interface: /dev/i2c-0 Device 10DE:1F99 Subsystem: 1028:09E1
1067  |Info:    Registering I2C interface: /dev/i2c-9 Device 8086:9BC4 Subsystem: 1028:09E1
1067  |Info:    Registering I2C interface: /dev/i2c-7 Device 8086:9BC4 Subsystem: 1028:09E1
1067  |Info:    Registering I2C interface: /dev/i2c-5 Device 0000:0000 Subsystem: 0000:0000
1067  |Warning: [i2c_smbus_linux] Failed to read i2c device PCI device ID
1067  |Info:    Registering I2C interface: /dev/i2c-12 Device 0000:0000 Subsystem: 0000:0000
1067  |Info:    ------------------------------------------------------
1067  |Info:    |               Detecting I2C devices                |
1067  |Info:    ------------------------------------------------------
1677  |Info:    ------------------------------------------------------
1677  |Info:    |               Detecting I2C PCI devices            |
1677  |Info:    ------------------------------------------------------
1680  |Info:    ------------------------------------------------------
1680  |Info:    |               Detecting HID devices                |
1680  |Info:    ------------------------------------------------------
1691  |Info:    [Logitech G213] Registering RGB controller
1694  |Info:    [Logitech G203 Lightsync] Registering RGB controller
1695  |Info:    ------------------------------------------------------
1695  |Info:    |            Detecting libusb HID devices            |
1695  |Info:    ------------------------------------------------------
1729  |Info:    ------------------------------------------------------
1730  |Info:    |              Detecting other devices               |
1730  |Info:    ------------------------------------------------------
1743  |Info:    ------------------------------------------------------
1743  |Info:    |                Detection completed                 |
1743  |Info:    ------------------------------------------------------
1743  |Dialog:  <h2>WARNING:</h2><p>One or more I2C/SMBus interfaces failed to initialize.</p><p>RGB DRAM modules and some motherboards' onboard RGB lighting will not be available without I2C/SMBus.</p><p>On Linux, this is usually because the i2c-dev module is not loaded.  You must load the i2c-dev module along with the correct i2c driver for your motherboard.  This is usually i2c-piix4 for AMD systems and i2c-i801 for Intel systems.</p><p>See <a href='https://help.openrgb.org/'>help.openrgb.org</a> for additional troubleshooting steps if you keep seeing this message.<br></p>
1743  |Info:    Profile loading: Succeeded for Logitech G213 @ HID: /dev/hidraw2
1743  |Info:    Profile loading: Succeeded for Logitech G203 Lightsync @ HID: /dev/hidraw5
