    OpenRGB v0.9
    Commit:  from 
    Launched: 20240502_101728
====================================================================================================

11    |Info:    Found file: Yellow.orp attempting to validate header
13    |Info:    Valid v4 profile found for Yellow
1103  |Info:    ------------------------------------------------------
1103  |Info:    |               Start device detection               |
1103  |Info:    ------------------------------------------------------
1104  |Info:    Initializing HID interfaces: Success
1165  |Info:    ------------------------------------------------------
1165  |Info:    |             Detecting I2C interfaces               |
1165  |Info:    ------------------------------------------------------
1165  |Info:    Registering I2C interface: /dev/i2c-3 Device 8086:06A3 Subsystem: 1028:09E1
1165  |Warning: [i2c_smbus_linux] Failed to read i2c device PCI device ID
1166  |Info:    Registering I2C interface: /dev/i2c-10 Device 0000:0000 Subsystem: 0000:0000
1166  |Info:    Registering I2C interface: /dev/i2c-1 Device 10DE:1F99 Subsystem: 1028:09E1
1169  |Info:    Registering I2C interface: /dev/i2c-8 Device 8086:9BC4 Subsystem: 1028:09E1
1170  |Info:    Registering I2C interface: /dev/i2c-6 Device 8086:9BC4 Subsystem: 1028:09E1
1170  |Warning: [i2c_smbus_linux] Failed to read i2c device PCI device ID
1172  |Info:    Registering I2C interface: /dev/i2c-DELL09E1:00 Device 0000:0000 Subsystem: 0000:0000
1172  |Info:    Registering I2C interface: /dev/i2c-4 Device 0000:0000 Subsystem: 0000:0000
1172  |Warning: [i2c_smbus_linux] Failed to read i2c device PCI device ID
1174  |Info:    Registering I2C interface: /dev/i2c-11 Device 0000:0000 Subsystem: 0000:0000
1175  |Info:    Registering I2C interface: /dev/i2c-2 Device 10DE:1F99 Subsystem: 1028:09E1
1175  |Info:    Registering I2C interface: /dev/i2c-0 Device 10DE:1F99 Subsystem: 1028:09E1
1175  |Info:    Registering I2C interface: /dev/i2c-9 Device 8086:9BC4 Subsystem: 1028:09E1
1178  |Info:    Registering I2C interface: /dev/i2c-7 Device 8086:9BC4 Subsystem: 1028:09E1
1178  |Info:    Registering I2C interface: /dev/i2c-5 Device 0000:0000 Subsystem: 0000:0000
1179  |Warning: [i2c_smbus_linux] Failed to read i2c device PCI device ID
1181  |Info:    Registering I2C interface: /dev/i2c-12 Device 0000:0000 Subsystem: 0000:0000
1181  |Info:    ------------------------------------------------------
1181  |Info:    |               Detecting I2C devices                |
1181  |Info:    ------------------------------------------------------
1865  |Info:    ------------------------------------------------------
1865  |Info:    |               Detecting I2C PCI devices            |
1865  |Info:    ------------------------------------------------------
1875  |Info:    ------------------------------------------------------
1875  |Info:    |               Detecting HID devices                |
1875  |Info:    ------------------------------------------------------
1877  |Info:    [Logitech G213] Registering RGB controller
1881  |Info:    [Logitech G203 Lightsync] Registering RGB controller
1881  |Info:    ------------------------------------------------------
1881  |Info:    |            Detecting libusb HID devices            |
1881  |Info:    ------------------------------------------------------
1968  |Info:    ------------------------------------------------------
1969  |Info:    |              Detecting other devices               |
1969  |Info:    ------------------------------------------------------
2013  |Info:    ------------------------------------------------------
2013  |Info:    |                Detection completed                 |
2013  |Info:    ------------------------------------------------------
2013  |Dialog:  <h2>WARNING:</h2><p>One or more I2C/SMBus interfaces failed to initialize.</p><p>RGB DRAM modules and some motherboards' onboard RGB lighting will not be available without I2C/SMBus.</p><p>On Linux, this is usually because the i2c-dev module is not loaded.  You must load the i2c-dev module along with the correct i2c driver for your motherboard.  This is usually i2c-piix4 for AMD systems and i2c-i801 for Intel systems.</p><p>See <a href='https://help.openrgb.org/'>help.openrgb.org</a> for additional troubleshooting steps if you keep seeing this message.<br></p>
