    OpenRGB v0.9
    Commit:  from 
    Launched: 20240507_223836
====================================================================================================

8     |Info:    Found file: Yellow.orp attempting to validate header
14    |Info:    Valid v4 profile found for Yellow
1083  |Info:    ------------------------------------------------------
1083  |Info:    |               Start device detection               |
1083  |Info:    ------------------------------------------------------
1083  |Info:    Initializing HID interfaces: Success
1085  |Info:    ------------------------------------------------------
1085  |Info:    |             Detecting I2C interfaces               |
1085  |Info:    ------------------------------------------------------
1085  |Info:    Registering I2C interface: /dev/i2c-3 Device 8086:06A3 Subsystem: 1028:09E1
1085  |Warning: [i2c_smbus_linux] Failed to read i2c device PCI device ID
1085  |Info:    Registering I2C interface: /dev/i2c-10 Device 0000:0000 Subsystem: 0000:0000
1086  |Info:    Registering I2C interface: /dev/i2c-1 Device 10DE:1F99 Subsystem: 1028:09E1
1086  |Info:    Registering I2C interface: /dev/i2c-8 Device 8086:9BC4 Subsystem: 1028:09E1
1086  |Info:    Registering I2C interface: /dev/i2c-6 Device 8086:9BC4 Subsystem: 1028:09E1
1086  |Warning: [i2c_smbus_linux] Failed to read i2c device PCI device ID
1086  |Info:    Registering I2C interface: /dev/i2c-DELL09E1:00 Device 0000:0000 Subsystem: 0000:0000
1086  |Info:    Registering I2C interface: /dev/i2c-4 Device 0000:0000 Subsystem: 0000:0000
1086  |Warning: [i2c_smbus_linux] Failed to read i2c device PCI device ID
1086  |Info:    Registering I2C interface: /dev/i2c-11 Device 0000:0000 Subsystem: 0000:0000
1086  |Info:    Registering I2C interface: /dev/i2c-2 Device 10DE:1F99 Subsystem: 1028:09E1
1086  |Info:    Registering I2C interface: /dev/i2c-0 Device 10DE:1F99 Subsystem: 1028:09E1
1086  |Info:    Registering I2C interface: /dev/i2c-9 Device 8086:9BC4 Subsystem: 1028:09E1
1086  |Info:    Registering I2C interface: /dev/i2c-7 Device 8086:9BC4 Subsystem: 1028:09E1
1086  |Info:    Registering I2C interface: /dev/i2c-5 Device 0000:0000 Subsystem: 0000:0000
1086  |Warning: [i2c_smbus_linux] Failed to read i2c device PCI device ID
1086  |Info:    Registering I2C interface: /dev/i2c-12 Device 0000:0000 Subsystem: 0000:0000
1086  |Info:    ------------------------------------------------------
1086  |Info:    |               Detecting I2C devices                |
1086  |Info:    ------------------------------------------------------
1706  |Info:    ------------------------------------------------------
1706  |Info:    |               Detecting I2C PCI devices            |
1706  |Info:    ------------------------------------------------------
1707  |Info:    ------------------------------------------------------
1707  |Info:    |               Detecting HID devices                |
1707  |Info:    ------------------------------------------------------
1714  |Info:    [Logitech G213] Registering RGB controller
1716  |Info:    [Logitech G203 Lightsync] Registering RGB controller
1716  |Info:    ------------------------------------------------------
1716  |Info:    |            Detecting libusb HID devices            |
1716  |Info:    ------------------------------------------------------
1747  |Info:    ------------------------------------------------------
1747  |Info:    |              Detecting other devices               |
1747  |Info:    ------------------------------------------------------
1764  |Info:    ------------------------------------------------------
1764  |Info:    |                Detection completed                 |
1764  |Info:    ------------------------------------------------------
1764  |Dialog:  <h2>WARNING:</h2><p>One or more I2C/SMBus interfaces failed to initialize.</p><p>RGB DRAM modules and some motherboards' onboard RGB lighting will not be available without I2C/SMBus.</p><p>On Linux, this is usually because the i2c-dev module is not loaded.  You must load the i2c-dev module along with the correct i2c driver for your motherboard.  This is usually i2c-piix4 for AMD systems and i2c-i801 for Intel systems.</p><p>See <a href='https://help.openrgb.org/'>help.openrgb.org</a> for additional troubleshooting steps if you keep seeing this message.<br></p>
1764  |Info:    Profile loading: Succeeded for Logitech G213 @ HID: /dev/hidraw1
1764  |Info:    Profile loading: Succeeded for Logitech G203 Lightsync @ HID: /dev/hidraw3
