    OpenRGB v0.9
    Commit:  from 
    Launched: 20240416_202918
====================================================================================================

1     |Info:    Found file: Yellow.orp attempting to validate header
1     |Info:    Valid v4 profile found for Yellow
1026  |Info:    ------------------------------------------------------
1026  |Info:    |               Start device detection               |
1026  |Info:    ------------------------------------------------------
1027  |Info:    Initializing HID interfaces: Success
1035  |Info:    ------------------------------------------------------
1035  |Info:    |             Detecting I2C interfaces               |
1035  |Info:    ------------------------------------------------------
1035  |Info:    Registering I2C interface: /dev/i2c-3 Device 8086:06A3 Subsystem: 1028:09E1
1036  |Warning: [i2c_smbus_linux] Failed to read i2c device PCI device ID
1036  |Info:    Registering I2C interface: /dev/i2c-10 Device 0000:0000 Subsystem: 0000:0000
1036  |Info:    Registering I2C interface: /dev/i2c-1 Device 10DE:1F99 Subsystem: 1028:09E1
1037  |Info:    Registering I2C interface: /dev/i2c-8 Device 8086:9BC4 Subsystem: 1028:09E1
1037  |Info:    Registering I2C interface: /dev/i2c-6 Device 8086:9BC4 Subsystem: 1028:09E1
1037  |Warning: [i2c_smbus_linux] Failed to read i2c device PCI device ID
1037  |Info:    Registering I2C interface: /dev/i2c-DELL09E1:00 Device 0000:0000 Subsystem: 0000:0000
1038  |Info:    Registering I2C interface: /dev/i2c-4 Device 0000:0000 Subsystem: 0000:0000
1038  |Warning: [i2c_smbus_linux] Failed to read i2c device PCI device ID
1040  |Info:    Registering I2C interface: /dev/i2c-11 Device 0000:0000 Subsystem: 0000:0000
1040  |Info:    Registering I2C interface: /dev/i2c-2 Device 10DE:1F99 Subsystem: 1028:09E1
1041  |Info:    Registering I2C interface: /dev/i2c-0 Device 10DE:1F99 Subsystem: 1028:09E1
1041  |Info:    Registering I2C interface: /dev/i2c-9 Device 8086:9BC4 Subsystem: 1028:09E1
1042  |Info:    Registering I2C interface: /dev/i2c-7 Device 8086:9BC4 Subsystem: 1028:09E1
1044  |Info:    Registering I2C interface: /dev/i2c-5 Device 0000:0000 Subsystem: 0000:0000
1044  |Warning: [i2c_smbus_linux] Failed to read i2c device PCI device ID
1045  |Info:    Registering I2C interface: /dev/i2c-12 Device 0000:0000 Subsystem: 0000:0000
1045  |Info:    ------------------------------------------------------
1045  |Info:    |               Detecting I2C devices                |
1045  |Info:    ------------------------------------------------------
1734  |Info:    ------------------------------------------------------
1734  |Info:    |               Detecting I2C PCI devices            |
1734  |Info:    ------------------------------------------------------
1740  |Info:    ------------------------------------------------------
1740  |Info:    |               Detecting HID devices                |
1740  |Info:    ------------------------------------------------------
1741  |Info:    ------------------------------------------------------
1741  |Info:    |            Detecting libusb HID devices            |
1741  |Info:    ------------------------------------------------------
1769  |Info:    ------------------------------------------------------
1769  |Info:    |              Detecting other devices               |
1769  |Info:    ------------------------------------------------------
1796  |Info:    ------------------------------------------------------
1796  |Info:    |                Detection completed                 |
1796  |Info:    ------------------------------------------------------
1796  |Dialog:  <h2>WARNING:</h2><p>One or more I2C/SMBus interfaces failed to initialize.</p><p>RGB DRAM modules and some motherboards' onboard RGB lighting will not be available without I2C/SMBus.</p><p>On Linux, this is usually because the i2c-dev module is not loaded.  You must load the i2c-dev module along with the correct i2c driver for your motherboard.  This is usually i2c-piix4 for AMD systems and i2c-i801 for Intel systems.</p><p>See <a href='https://help.openrgb.org/'>help.openrgb.org</a> for additional troubleshooting steps if you keep seeing this message.<br></p>
