    OpenRGB v0.9
    Commit:  from 
    Launched: 20240415_054946
====================================================================================================

0     |Info:    Found file: Yellow.orp attempting to validate header
0     |Info:    Valid v4 profile found for Yellow
1005  |Info:    ------------------------------------------------------
1005  |Info:    |               Start device detection               |
1005  |Info:    ------------------------------------------------------
1006  |Info:    Initializing HID interfaces: Success
1018  |Info:    ------------------------------------------------------
1018  |Info:    |             Detecting I2C interfaces               |
1018  |Info:    ------------------------------------------------------
1018  |Info:    Registering I2C interface: /dev/i2c-3 Device 8086:06A3 Subsystem: 1028:09E1
1018  |Warning: [i2c_smbus_linux] Failed to read i2c device PCI device ID
1018  |Info:    Registering I2C interface: /dev/i2c-10 Device 0000:0000 Subsystem: 0000:0000
1019  |Info:    Registering I2C interface: /dev/i2c-1 Device 10DE:1F99 Subsystem: 1028:09E1
1019  |Info:    Registering I2C interface: /dev/i2c-8 Device 8086:9BC4 Subsystem: 1028:09E1
1019  |Info:    Registering I2C interface: /dev/i2c-6 Device 8086:9BC4 Subsystem: 1028:09E1
1019  |Warning: [i2c_smbus_linux] Failed to read i2c device PCI device ID
1019  |Info:    Registering I2C interface: /dev/i2c-DELL09E1:00 Device 0000:0000 Subsystem: 0000:0000
1019  |Info:    Registering I2C interface: /dev/i2c-4 Device 0000:0000 Subsystem: 0000:0000
1019  |Warning: [i2c_smbus_linux] Failed to read i2c device PCI device ID
1019  |Info:    Registering I2C interface: /dev/i2c-11 Device 0000:0000 Subsystem: 0000:0000
1020  |Info:    Registering I2C interface: /dev/i2c-2 Device 10DE:1F99 Subsystem: 1028:09E1
1020  |Info:    Registering I2C interface: /dev/i2c-0 Device 10DE:1F99 Subsystem: 1028:09E1
1020  |Info:    Registering I2C interface: /dev/i2c-9 Device 8086:9BC4 Subsystem: 1028:09E1
1020  |Info:    Registering I2C interface: /dev/i2c-7 Device 8086:9BC4 Subsystem: 1028:09E1
1020  |Info:    Registering I2C interface: /dev/i2c-5 Device 0000:0000 Subsystem: 0000:0000
1020  |Warning: [i2c_smbus_linux] Failed to read i2c device PCI device ID
1020  |Info:    Registering I2C interface: /dev/i2c-12 Device 0000:0000 Subsystem: 0000:0000
1020  |Info:    ------------------------------------------------------
1020  |Info:    |               Detecting I2C devices                |
1020  |Info:    ------------------------------------------------------
